[0m[[0m[0mdebug[0m] [0m[0mRunning TaskDef(GradeSchoolTest, org.scalatest.tools.Framework$$anon$1@5ea04e00, false, [SuiteSelector])[0m
[0m[[0m[0minfo[0m] [0m[0m[32mGradeSchoolTest:[0m[0m
[0m[[0m[0minfo[0m] [0m[0m[31m- empty school *** FAILED ***[0m[0m
[0m[[0m[0minfo[0m] [0m[0m[31m  scala.NotImplementedError: an implementation is missing[0m[0m
[0m[[0m[0minfo[0m] [0m[0m[31m  at scala.Predef$.$qmark$qmark$qmark(Predef.scala:344)[0m[0m
[0m[[0m[0minfo[0m] [0m[0m[31m  at School.db(GradeSchool.scala:6)[0m[0m
[0m[[0m[0minfo[0m] [0m[0m[31m  at GradeSchoolTest.$anonfun$new$1(GradeSchoolTest.scala:11)[0m[0m
[0m[[0m[0minfo[0m] [0m[0m[31m  at org.scalatest.OutcomeOf.outcomeOf(OutcomeOf.scala:85)[0m[0m
[0m[[0m[0minfo[0m] [0m[0m[31m  at org.scalatest.OutcomeOf.outcomeOf$(OutcomeOf.scala:83)[0m[0m
[0m[[0m[0minfo[0m] [0m[0m[31m  at org.scalatest.OutcomeOf$.outcomeOf(OutcomeOf.scala:104)[0m[0m
[0m[[0m[0minfo[0m] [0m[0m[31m  at org.scalatest.Transformer.apply(Transformer.scala:22)[0m[0m
[0m[[0m[0minfo[0m] [0m[0m[31m  at org.scalatest.Transformer.apply(Transformer.scala:20)[0m[0m
[0m[[0m[0minfo[0m] [0m[0m[31m  at org.scalatest.funsuite.AnyFunSuiteLike$$anon$1.apply(AnyFunSuiteLike.scala:226)[0m[0m
[0m[[0m[0minfo[0m] [0m[0m[31m  at org.scalatest.TestSuite.withFixture(TestSuite.scala:196)[0m[0m
[0m[[0m[0minfo[0m] [0m[0m[31m  ...[0m[0m
[0m[[0m[0minfo[0m] [0m[0m[33m- add student (pending)[0m[0m
[0m[[0m[0minfo[0m] [0m[0m[33m- add more students in same class (pending)[0m[0m
[0m[[0m[0minfo[0m] [0m[0m[33m- add students to different grades (pending)[0m[0m
[0m[[0m[0minfo[0m] [0m[0m[33m- get students in a grade (pending)[0m[0m
[0m[[0m[0minfo[0m] [0m[0m[33m- get students in a non-existent grade (pending)[0m[0m
[0m[[0m[0minfo[0m] [0m[0m[33m- sort school (pending)[0m[0m
[0m[[0m[0minfo[0m] [0m[0m[36mRun completed in 563 milliseconds.[0m[0m
[0m[[0m[0minfo[0m] [0m[0m[36mTotal number of tests run: 1[0m[0m
[0m[[0m[0minfo[0m] [0m[0m[36mSuites: completed 1, aborted 0[0m[0m
[0m[[0m[0minfo[0m] [0m[0m[36mTests: succeeded 0, failed 1, canceled 0, ignored 0, pending 6[0m[0m
[0m[[0m[0minfo[0m] [0m[0m[31m*** 1 TEST FAILED ***[0m[0m
[0m[[0m[31merror[0m] [0m[0mFailed tests:[0m
[0m[[0m[31merror[0m] [0m[0m	GradeSchoolTest[0m
[0m[[0m[31merror[0m] [0m[0m(Test / [31mtest[0m) sbt.TestsFailedException: Tests unsuccessful[0m
