<?xml version='1.0' encoding='UTF-8'?>
<testsuite hostname="C02DF00LMD6R" name="SpaceAgeTest" tests="8" errors="0" failures="1" skipped="7" time="0.034" timestamp="2023-02-24T17:39:16">
          <properties>
[...]
</properties>
          <testcase classname="SpaceAgeTest" name="age on Earth" time="0.034">
                      <failure message="28.0 was not 31.69 plus or minus 0.01" type="org.scalatest.exceptions.TestFailedException">org.scalatest.exceptions.TestFailedException: 28.0 was not 31.69 plus or minus 0.01
	at org.scalatest.matchers.MatchersHelper$.indicateFailure(MatchersHelper.scala:392)
	at org.scalatest.matchers.should.Matchers$ShouldMethodHelperClass.shouldMatcher(Matchers.scala:6786)
	at org.scalatest.matchers.should.Matchers$AnyShouldWrapper.should(Matchers.scala:6829)
	at SpaceAgeTest.$anonfun$new$1(SpaceAgeTest.scala:8)
	at org.scalatest.OutcomeOf.outcomeOf(OutcomeOf.scala:85)
	at org.scalatest.OutcomeOf.outcomeOf$(OutcomeOf.scala:83)
	at org.scalatest.OutcomeOf$.outcomeOf(OutcomeOf.scala:104)
	at org.scalatest.Transformer.apply(Transformer.scala:22)
	at org.scalatest.Transformer.apply(Transformer.scala:20)
	at org.scalatest.funsuite.AnyFunSuiteLike$$anon$1.apply(AnyFunSuiteLike.scala:226)
	at org.scalatest.TestSuite.withFixture(TestSuite.scala:196)
	at org.scalatest.TestSuite.withFixture$(TestSuite.scala:195)
	at org.scalatest.funsuite.AnyFunSuite.withFixture(AnyFunSuite.scala:1563)
	at org.scalatest.funsuite.AnyFunSuiteLike.invokeWithFixture$1(AnyFunSuiteLike.scala:224)
	at org.scalatest.funsuite.AnyFunSuiteLike.$anonfun$runTest$1(AnyFunSuiteLike.scala:236)
	at org.scalatest.SuperEngine.runTestImpl(Engine.scala:306)
	at org.scalatest.funsuite.AnyFunSuiteLike.runTest(AnyFunSuiteLike.scala:236)
	at org.scalatest.funsuite.AnyFunSuiteLike.runTest$(AnyFunSuiteLike.scala:218)
	at org.scalatest.funsuite.AnyFunSuite.runTest(AnyFunSuite.scala:1563)
	at org.scalatest.funsuite.AnyFunSuiteLike.$anonfun$runTests$1(AnyFunSuiteLike.scala:269)
	at org.scalatest.SuperEngine.$anonfun$runTestsInBranch$1(Engine.scala:413)
	at scala.collection.immutable.List.foreach(List.scala:333)
	at org.scalatest.SuperEngine.traverseSubNodes$1(Engine.scala:401)
	at org.scalatest.SuperEngine.runTestsInBranch(Engine.scala:396)
	at org.scalatest.SuperEngine.runTestsImpl(Engine.scala:475)
	at org.scalatest.funsuite.AnyFunSuiteLike.runTests(AnyFunSuiteLike.scala:269)
	at org.scalatest.funsuite.AnyFunSuiteLike.runTests$(AnyFunSuiteLike.scala:268)
	at org.scalatest.funsuite.AnyFunSuite.runTests(AnyFunSuite.scala:1563)
	at org.scalatest.Suite.run(Suite.scala:1112)
	at org.scalatest.Suite.run$(Suite.scala:1094)
	at org.scalatest.funsuite.AnyFunSuite.org$scalatest$funsuite$AnyFunSuiteLike$$super$run(AnyFunSuite.scala:1563)
	at org.scalatest.funsuite.AnyFunSuiteLike.$anonfun$run$1(AnyFunSuiteLike.scala:273)
	at org.scalatest.SuperEngine.runImpl(Engine.scala:535)
	at org.scalatest.funsuite.AnyFunSuiteLike.run(AnyFunSuiteLike.scala:273)
	at org.scalatest.funsuite.AnyFunSuiteLike.run$(AnyFunSuiteLike.scala:272)
	at org.scalatest.funsuite.AnyFunSuite.run(AnyFunSuite.scala:1563)
	at org.scalatest.tools.Framework.org$scalatest$tools$Framework$$runSuite(Framework.scala:318)
	at org.scalatest.tools.Framework$ScalaTestTask.execute(Framework.scala:513)
	at sbt.TestRunner.runTest$1(TestFramework.scala:146)
	at sbt.TestRunner.run(TestFramework.scala:161)
	at sbt.TestFramework$$anon$3$$anonfun$$lessinit$greater$1.$anonfun$apply$1(TestFramework.scala:324)
	at sbt.TestFramework$.sbt$TestFramework$$withContextLoader(TestFramework.scala:284)
	at sbt.TestFramework$$anon$3$$anonfun$$lessinit$greater$1.apply(TestFramework.scala:324)
	at sbt.TestFramework$$anon$3$$anonfun$$lessinit$greater$1.apply(TestFramework.scala:324)
	at sbt.TestFunction.apply(TestFramework.scala:336)
	at sbt.Tests$.$anonfun$toTask$1(Tests.scala:435)
	at sbt.std.Transform$$anon$3.$anonfun$apply$2(Transform.scala:46)
	at sbt.std.Transform$$anon$4.work(Transform.scala:68)
	at sbt.Execute.$anonfun$submit$2(Execute.scala:282)
	at sbt.internal.util.ErrorHandling$.wideConvert(ErrorHandling.scala:23)
	at sbt.Execute.work(Execute.scala:291)
	at sbt.Execute.$anonfun$submit$1(Execute.scala:282)
	at sbt.ConcurrentRestrictions$$anon$4.$anonfun$submitValid$1(ConcurrentRestrictions.scala:265)
	at sbt.CompletionService$$anon$2.call(CompletionService.scala:64)
	at java.util.concurrent.FutureTask.run(FutureTask.java:266)
	at java.util.concurrent.Executors$RunnableAdapter.call(Executors.java:511)
	at java.util.concurrent.FutureTask.run(FutureTask.java:266)
	at java.util.concurrent.ThreadPoolExecutor.runWorker(ThreadPoolExecutor.java:1149)
	at java.util.concurrent.ThreadPoolExecutor$Worker.run(ThreadPoolExecutor.java:624)
	at java.lang.Thread.run(Thread.java:750)
</failure>
                    </testcase><testcase classname="SpaceAgeTest" name="age on Mercury" time="0.0">
                      <skipped/>
                    </testcase><testcase classname="SpaceAgeTest" name="age on Venus" time="0.0">
                      <skipped/>
                    </testcase><testcase classname="SpaceAgeTest" name="age on Mars" time="0.0">
                      <skipped/>
                    </testcase><testcase classname="SpaceAgeTest" name="age on Jupiter" time="0.0">
                      <skipped/>
                    </testcase><testcase classname="SpaceAgeTest" name="age on Saturn" time="0.0">
                      <skipped/>
                    </testcase><testcase classname="SpaceAgeTest" name="age on Uranus" time="0.0">
                      <skipped/>
                    </testcase><testcase classname="SpaceAgeTest" name="age on Neptune" time="0.0">
                      <skipped/>
                    </testcase>
          <system-out><![CDATA[]]></system-out>
          <system-err><![CDATA[]]></system-err>
        </testsuite>