<?xml version='1.0' encoding='UTF-8'?>
<testsuite hostname="C02DF00LMD6R" name="TwoferTest" tests="4" errors="0" failures="0" skipped="0" time="0.027" timestamp="2023-02-10T15:36:28">
          <properties>
[...]
</properties>
          <testcase classname="TwoferTest" name="no name given" time="0.026">
                      
                    </testcase><testcase classname="TwoferTest" name="a name given" time="0.001">
                      
                    </testcase><testcase classname="TwoferTest" name="another name given" time="0.0">
                      
                    </testcase><testcase classname="TwoferTest" name="name Gary" time="0.0">
                      
                    </testcase>
          <system-out><![CDATA[]]></system-out>
          <system-err><![CDATA[]]></system-err>
        </testsuite>